<?xml version="1.0" encoding="UTF-8"?>
<!-- Generated by org.testng.reporters.JUnitReportReporter -->
<testsuite skipped="0" hostname="DESKTOP-DON1SDF" name="Testrunner.testrunner" tests="1" failures="0" timestamp="2021-09-02T00:33:46 AEST" time="44.725" errors="0">
  <testcase name="feature" time="44.725" classname="Testrunner.testrunner"/>
  <system-out/>
</testsuite> <!-- Testrunner.testrunner -->
