<?xml version="1.0" encoding="UTF-8"?>
<!-- Generated by org.testng.reporters.JUnitReportReporter -->
<testsuite skipped="0" hostname="DESKTOP-DON1SDF" name="Testrunner.testrunner" tests="1" failures="0" timestamp="02 Sep 2019 12:54:37 GMT" time="28.557" errors="0">
  <testcase name="feature" time="28.557" classname="Testrunner.testrunner"/>
</testsuite> <!-- Testrunner.testrunner -->
